<?xml version="1.0" encoding="UTF-8"?>
<!-- Generated by org.testng.reporters.JUnitReportReporter -->
<testsuite skipped="0" hostname="LAPTOP-KK246M4D" name="com.jotform.form.testsuite.FormTest" tests="1" failures="0" timestamp="27 Dec 2021 16:10:41 GMT" time="15.484" errors="0">
  <testcase name="technicalTest" time="15.484" classname="com.jotform.form.testsuite.FormTest"/>
</testsuite> <!-- com.jotform.form.testsuite.FormTest -->
